<?xml version="1.0" encoding="UTF-8"?>
<testsuites name="Mocha Tests" time="32.661" tests="3" failures="2">
  <testsuite name="Root Suite" timestamp="2025-10-24T09:41:59" tests="3" file="cypress/e2e/EasyMap_TestLibrary/AT.D-2.cy.js" time="32.660" failures="2">
    <testcase name="AT.D-2-Celsius" time="20.776" classname="AT.D-2-Celsius">
    </testcase>
    <testcase name="AT.D-2-Fahreneit" time="0.000" classname="AT.D-2-Fahreneit">
      <failure message="Timed out retrying after 4000ms: Expected to find element: `input[id=&quot;Location ID&quot;]`, but never found it." type="AssertionError"><![CDATA[AssertionError: Timed out retrying after 4000ms: Expected to find element: `input[id="Location ID"]`, but never found it.
    at Context.eval (webpack://em_cypress/./cypress/e2e/EasyMap_TestLibrary/AT.D-2.cy.js:117:5)]]></failure>
    </testcase>
    <testcase name="AT.D-2-Humidity" time="0.000" classname="AT.D-2-Humidity">
      <failure message="Timed out retrying after 4000ms: Expected to find element: `input[id=&quot;Location ID&quot;]`, but never found it." type="AssertionError"><![CDATA[AssertionError: Timed out retrying after 4000ms: Expected to find element: `input[id="Location ID"]`, but never found it.
    at Context.eval (webpack://em_cypress/./cypress/e2e/EasyMap_TestLibrary/AT.D-2.cy.js:235:5)]]></failure>
    </testcase>
  </testsuite>
</testsuites>